[01-Mar-2024 22:22:51 Asia/Tokyo] PHP Notice:  Only variables should be passed by reference in /var/www/html/user/action/register.php on line 16
[01-Mar-2024 22:23:03 Asia/Tokyo] PHP Notice:  Only variables should be passed by reference in /var/www/html/user/action/register.php on line 16
[01-Mar-2024 22:24:04 Asia/Tokyo] PHP Notice:  Only variables should be passed by reference in /var/www/html/user/action/register.php on line 16
[01-Mar-2024 23:35:27 Asia/Tokyo] PHP Warning:  Undefined variable $user_email in /var/www/html/user/action/register.php on line 16
[01-Mar-2024 23:35:27 Asia/Tokyo] PHP Warning:  Undefined variable $user_email in /var/www/html/user/action/register.php on line 21
[01-Mar-2024 23:35:35 Asia/Tokyo] PHP Warning:  Undefined variable $user_email in /var/www/html/user/action/register.php on line 16
[01-Mar-2024 23:35:35 Asia/Tokyo] PHP Warning:  Undefined variable $user_email in /var/www/html/user/action/register.php on line 21
[01-Mar-2024 23:35:37 Asia/Tokyo] PHP Warning:  Undefined variable $user_email in /var/www/html/user/action/register.php on line 16
[01-Mar-2024 23:35:37 Asia/Tokyo] PHP Warning:  Undefined variable $user_email in /var/www/html/user/action/register.php on line 21
[01-Mar-2024 23:35:52 Asia/Tokyo] PHP Warning:  Undefined variable $user_email in /var/www/html/user/action/register.php on line 16
[01-Mar-2024 23:35:52 Asia/Tokyo] PHP Warning:  Undefined variable $user_email in /var/www/html/user/action/register.php on line 21
[01-Mar-2024 23:35:53 Asia/Tokyo] PHP Warning:  Undefined variable $user_email in /var/www/html/user/action/register.php on line 16
[01-Mar-2024 23:35:53 Asia/Tokyo] PHP Warning:  Undefined variable $user_email in /var/www/html/user/action/register.php on line 21
[01-Mar-2024 23:36:24 Asia/Tokyo] PHP Warning:  Undefined variable $user_email in /var/www/html/user/action/register.php on line 16
[01-Mar-2024 23:36:24 Asia/Tokyo] PHP Warning:  Undefined variable $user_email in /var/www/html/user/action/register.php on line 21
[01-Mar-2024 23:37:10 Asia/Tokyo] PHP Warning:  Undefined variable $user_email in /var/www/html/user/action/register.php on line 16
[01-Mar-2024 23:37:10 Asia/Tokyo] PHP Warning:  Undefined variable $user_email in /var/www/html/user/action/register.php on line 21
[01-Mar-2024 23:41:24 Asia/Tokyo] PHP Warning:  Undefined variable $user_email in /var/www/html/user/action/register.php on line 16
[01-Mar-2024 23:41:24 Asia/Tokyo] PHP Warning:  Undefined variable $user_email in /var/www/html/user/action/register.php on line 21
[01-Mar-2024 23:41:40 Asia/Tokyo] PHP Warning:  Undefined variable $user_email in /var/www/html/user/action/register.php on line 16
[01-Mar-2024 23:41:40 Asia/Tokyo] PHP Warning:  Undefined variable $user_email in /var/www/html/user/action/register.php on line 21
[01-Mar-2024 23:43:20 Asia/Tokyo] PHP Warning:  Undefined variable $user_email in /var/www/html/user/action/register.php on line 16
[01-Mar-2024 23:43:20 Asia/Tokyo] PHP Warning:  Undefined variable $user_email in /var/www/html/user/action/register.php on line 21
[01-Mar-2024 23:44:07 Asia/Tokyo] PHP Warning:  Undefined variable $user_email in /var/www/html/user/action/register.php on line 16
[01-Mar-2024 23:44:07 Asia/Tokyo] PHP Warning:  Undefined variable $user_email in /var/www/html/user/action/register.php on line 21
[01-Mar-2024 23:44:40 Asia/Tokyo] PHP Warning:  Undefined variable $user_email in /var/www/html/user/action/register.php on line 16
[01-Mar-2024 23:44:40 Asia/Tokyo] PHP Warning:  Undefined variable $user_email in /var/www/html/user/action/register.php on line 21
[01-Mar-2024 23:44:46 Asia/Tokyo] PHP Warning:  Undefined variable $user_email in /var/www/html/user/action/register.php on line 16
[01-Mar-2024 23:44:46 Asia/Tokyo] PHP Warning:  Undefined variable $user_email in /var/www/html/user/action/register.php on line 21
[01-Mar-2024 23:44:52 Asia/Tokyo] PHP Warning:  Undefined variable $user_email in /var/www/html/user/action/register.php on line 16
[01-Mar-2024 23:44:52 Asia/Tokyo] PHP Warning:  Undefined variable $user_email in /var/www/html/user/action/register.php on line 21
[01-Mar-2024 23:45:00 Asia/Tokyo] PHP Warning:  Undefined variable $user_email in /var/www/html/user/action/register.php on line 16
[01-Mar-2024 23:45:00 Asia/Tokyo] PHP Warning:  Undefined variable $user_email in /var/www/html/user/action/register.php on line 21
[01-Mar-2024 23:46:26 Asia/Tokyo] PHP Warning:  Undefined variable $use_name in /var/www/html/user/action/register.php on line 15
[01-Mar-2024 23:46:26 Asia/Tokyo] PHP Warning:  Undefined variable $user_email in /var/www/html/user/action/register.php on line 16
[01-Mar-2024 23:46:26 Asia/Tokyo] PHP Warning:  Undefined variable $user_email in /var/www/html/user/action/register.php on line 21
[01-Mar-2024 23:48:25 Asia/Tokyo] PHP Warning:  Undefined variable $user_email in /var/www/html/user/action/register.php on line 16
[01-Mar-2024 23:48:25 Asia/Tokyo] PHP Warning:  Undefined variable $user_email in /var/www/html/user/action/register.php on line 21
[01-Mar-2024 23:48:39 Asia/Tokyo] PHP Warning:  Undefined variable $user_email in /var/www/html/user/action/register.php on line 16
[01-Mar-2024 23:48:39 Asia/Tokyo] PHP Warning:  Undefined variable $user_email in /var/www/html/user/action/register.php on line 21
[01-Mar-2024 23:48:45 Asia/Tokyo] PHP Warning:  Undefined variable $user_email in /var/www/html/user/action/register.php on line 16
[01-Mar-2024 23:48:45 Asia/Tokyo] PHP Warning:  Undefined variable $user_email in /var/www/html/user/action/register.php on line 21
[01-Mar-2024 23:48:50 Asia/Tokyo] PHP Warning:  Undefined variable $user_email in /var/www/html/user/action/register.php on line 16
[01-Mar-2024 23:48:50 Asia/Tokyo] PHP Warning:  Undefined variable $user_email in /var/www/html/user/action/register.php on line 21
[01-Mar-2024 23:51:12 Asia/Tokyo] PHP Warning:  Undefined variable $user_email in /var/www/html/user/action/register.php on line 15
[01-Mar-2024 23:51:12 Asia/Tokyo] PHP Warning:  Undefined variable $user_email in /var/www/html/user/action/register.php on line 16
[01-Mar-2024 23:51:12 Asia/Tokyo] PHP Warning:  Undefined variable $user_email in /var/www/html/user/action/register.php on line 21
[01-Mar-2024 23:51:20 Asia/Tokyo] PHP Warning:  Undefined variable $user_email in /var/www/html/user/action/register.php on line 15
[01-Mar-2024 23:51:20 Asia/Tokyo] PHP Warning:  Undefined variable $user_email in /var/www/html/user/action/register.php on line 16
[01-Mar-2024 23:51:20 Asia/Tokyo] PHP Warning:  Undefined variable $user_email in /var/www/html/user/action/register.php on line 21
[01-Mar-2024 23:51:51 Asia/Tokyo] PHP Warning:  Undefined variable $user_email in /var/www/html/user/action/register.php on line 21
[01-Mar-2024 23:52:05 Asia/Tokyo] PHP Warning:  Undefined variable $user_email in /var/www/html/user/action/register.php on line 16
[01-Mar-2024 23:52:05 Asia/Tokyo] PHP Warning:  Undefined variable $user_email in /var/www/html/user/action/register.php on line 21
[01-Mar-2024 23:52:47 Asia/Tokyo] PHP Warning:  Undefined variable $user_email in /var/www/html/user/action/register.php on line 16
[01-Mar-2024 23:52:47 Asia/Tokyo] PHP Warning:  Undefined variable $user_email in /var/www/html/user/action/register.php on line 21
[01-Mar-2024 23:52:49 Asia/Tokyo] PHP Warning:  Undefined variable $user_email in /var/www/html/user/action/register.php on line 16
[01-Mar-2024 23:52:49 Asia/Tokyo] PHP Warning:  Undefined variable $user_email in /var/www/html/user/action/register.php on line 21
[01-Mar-2024 23:52:50 Asia/Tokyo] PHP Warning:  Undefined variable $user_email in /var/www/html/user/action/register.php on line 16
[01-Mar-2024 23:52:50 Asia/Tokyo] PHP Warning:  Undefined variable $user_email in /var/www/html/user/action/register.php on line 21
[01-Mar-2024 23:54:17 Asia/Tokyo] PHP Notice:  Only variables should be passed by reference in /var/www/html/user/action/register.php on line 51
[02-Mar-2024 00:24:37 Asia/Tokyo] PHP Notice:  Only variables should be passed by reference in /var/www/html/user/action/register.php on line 51
[02-Mar-2024 07:13:40 Asia/Tokyo] PHP Fatal error:  Uncaught PDOException: SQLSTATE[HY093]: Invalid parameter number: parameter was not defined in /var/www/html/login/action/login.php:39
Stack trace:
#0 /var/www/html/login/action/login.php(39): PDOStatement->execute()
#1 {main}
  thrown in /var/www/html/login/action/login.php on line 39
[02-Mar-2024 07:16:08 Asia/Tokyo] PHP Fatal error:  Uncaught PDOException: SQLSTATE[HY093]: Invalid parameter number: parameter was not defined in /var/www/html/login/action/login.php:39
Stack trace:
#0 /var/www/html/login/action/login.php(39): PDOStatement->execute()
#1 {main}
  thrown in /var/www/html/login/action/login.php on line 39
[02-Mar-2024 07:17:21 Asia/Tokyo] PHP Fatal error:  Uncaught PDOException: SQLSTATE[HY093]: Invalid parameter number: parameter was not defined in /var/www/html/login/action/login.php:39
Stack trace:
#0 /var/www/html/login/action/login.php(39): PDOStatement->execute()
#1 {main}
  thrown in /var/www/html/login/action/login.php on line 39
[02-Mar-2024 07:18:05 Asia/Tokyo] PHP Fatal error:  Uncaught PDOException: SQLSTATE[HY093]: Invalid parameter number: parameter was not defined in /var/www/html/login/action/login.php:39
Stack trace:
#0 /var/www/html/login/action/login.php(39): PDOStatement->execute()
#1 {main}
  thrown in /var/www/html/login/action/login.php on line 39
[02-Mar-2024 07:18:23 Asia/Tokyo] PHP Fatal error:  Uncaught PDOException: SQLSTATE[HY093]: Invalid parameter number: parameter was not defined in /var/www/html/login/action/login.php:39
Stack trace:
#0 /var/www/html/login/action/login.php(39): PDOStatement->execute()
#1 {main}
  thrown in /var/www/html/login/action/login.php on line 39
[02-Mar-2024 07:19:18 Asia/Tokyo] PHP Fatal error:  Uncaught PDOException: SQLSTATE[HY093]: Invalid parameter number: parameter was not defined in /var/www/html/login/action/login.php:39
Stack trace:
#0 /var/www/html/login/action/login.php(39): PDOStatement->execute()
#1 {main}
  thrown in /var/www/html/login/action/login.php on line 39
[02-Mar-2024 07:20:34 Asia/Tokyo] PHP Fatal error:  Uncaught PDOException: SQLSTATE[HY093]: Invalid parameter number: parameter was not defined in /var/www/html/login/action/login.php:39
Stack trace:
#0 /var/www/html/login/action/login.php(39): PDOStatement->execute()
#1 {main}
  thrown in /var/www/html/login/action/login.php on line 39
[02-Mar-2024 07:21:50 Asia/Tokyo] PHP Fatal error:  Uncaught PDOException: SQLSTATE[HY093]: Invalid parameter number: parameter was not defined in /var/www/html/login/action/login.php:39
Stack trace:
#0 /var/www/html/login/action/login.php(39): PDOStatement->execute()
#1 {main}
  thrown in /var/www/html/login/action/login.php on line 39
[02-Mar-2024 09:36:41 Asia/Tokyo] PHP Warning:  Undefined array key "user_email" in /var/www/html/login/action/login.php on line 7
[02-Mar-2024 09:36:41 Asia/Tokyo] PHP Warning:  Undefined array key "user_password" in /var/www/html/login/action/login.php on line 8
[03-Mar-2024 18:45:04 Asia/Tokyo] PHP Fatal error:  Uncaught PDOException: SQLSTATE[HY093]: Invalid parameter number: number of bound variables does not match number of tokens in /var/www/html/memo/action/select.php:17
Stack trace:
#0 /var/www/html/memo/action/select.php(17): PDOStatement->execute()
#1 {main}
  thrown in /var/www/html/memo/action/select.php on line 17
[03-Mar-2024 19:06:52 Asia/Tokyo] PHP Notice:  Only variables should be passed by reference in /var/www/html/memo/action/update.php on line 20
[03-Mar-2024 19:06:52 Asia/Tokyo] PHP Notice:  Only variables should be passed by reference in /var/www/html/memo/action/update.php on line 21
